[debug] [2019-12-24T15:32:23.173Z] ----------------------------------------------------------------------
[debug] [2019-12-24T15:32:23.175Z] Command:       C:\Program Files\nodejs\node.exe C:\Users\ADMIN\AppData\Roaming\npm\node_modules\firebase-tools\lib\bin\firebase.js init
[debug] [2019-12-24T15:32:23.175Z] CLI Version:   7.11.0
[debug] [2019-12-24T15:32:23.176Z] Platform:      win32
[debug] [2019-12-24T15:32:23.176Z] Node Version:  v10.16.3
[debug] [2019-12-24T15:32:23.176Z] Time:          Tue Dec 24 2019 22:32:23 GMT+0700 (Indochina Time)
[debug] [2019-12-24T15:32:23.176Z] ----------------------------------------------------------------------
[debug] [2019-12-24T15:32:23.176Z] 
[debug] [2019-12-24T15:32:23.184Z] > command requires scopes: ["email","openid","https://www.googleapis.com/auth/cloudplatformprojects.readonly","https://www.googleapis.com/auth/firebase","https://www.googleapis.com/auth/cloud-platform"]
[debug] [2019-12-24T15:32:23.185Z] > authorizing via signed-in user
[info] 
     ######## #### ########  ######## ########     ###     ######  ########
     ##        ##  ##     ## ##       ##     ##  ##   ##  ##       ##
     ######    ##  ########  ######   ########  #########  ######  ######
     ##        ##  ##    ##  ##       ##     ## ##     ##       ## ##
     ##       #### ##     ## ######## ########  ##     ##  ######  ########

You're about to initialize a Firebase project in this directory:

  D:\paypalhelp

[info] 
=== Project Setup
[info] 
[info] First, let's associate this project directory with a Firebase project.
[info] You can create multiple project aliases by running firebase use --add, 
[info] but for now we'll just set up a default project.
[info] 
[debug] [2019-12-24T15:41:47.642Z] > refreshing access token with scopes: ["email","https://www.googleapis.com/auth/cloud-platform","https://www.googleapis.com/auth/cloudplatformprojects.readonly","https://www.googleapis.com/auth/firebase","openid"]
[debug] [2019-12-24T15:41:47.642Z] >>> HTTP REQUEST POST https://www.googleapis.com/oauth2/v3/token  
 <request body omitted>
[debug] [2019-12-24T15:41:48.046Z] <<< HTTP RESPONSE 200
[debug] [2019-12-24T15:41:48.063Z] >>> HTTP REQUEST GET https://firebase.googleapis.com/v1beta1/projects?pageSize=100  
 
[debug] [2019-12-24T15:41:49.140Z] <<< HTTP RESPONSE 200
[info] i  Using project northern-bot-263014 (HELP ROSE)
[info] 
=== Hosting Setup
[info] 
[info] Your public directory is the folder (relative to your project directory) that
[info] will contain Hosting assets to be uploaded with firebase deploy. If you
[info] have a build process for your assets, use your build's output directory.
[info] 
